<?xml version="1.0" encoding="UTF-8"?>
<robot generator="Robot 4.0.1 (Python 3.9.4 on win32)" generated="20210420 16:06:07.217" rpa="false" schemaversion="2">
<suite id="s1" name="TestThermostatCutInCutOut" source="C:\Users\mohap\Documents\mod_bus\TestThermostatCutInCutOut.robot">
<test id="s1-t1" name="Simulator test thermostat Cut in/Cut-out">
<kw name="Set Global Variable" library="BuiltIn" type="SETUP">
<arg>${FLAG}</arg>
<doc>Makes a variable available globally in all tests and suites.</doc>
<msg timestamp="20210420 16:06:07.503" level="INFO">${FLAG} = 0</msg>
<status status="PASS" starttime="20210420 16:06:07.503" endtime="20210420 16:06:07.503"/>
</kw>
<kw name="Given Flag Status" library="ThermostatStepDefinition">
<kw name="Log To Console" library="BuiltIn">
<arg>${FLAG}</arg>
<doc>Logs the given message to the console.</doc>
<status status="PASS" starttime="20210420 16:06:07.503" endtime="20210420 16:06:07.503"/>
</kw>
<if>
<branch type="IF" condition="${FLAG} == 0">
<kw name="Log To Console" library="BuiltIn">
<arg>"Simulator"</arg>
<doc>Logs the given message to the console.</doc>
<status status="PASS" starttime="20210420 16:06:07.503" endtime="20210420 16:06:07.503"/>
</kw>
<status status="PASS" starttime="20210420 16:06:07.503" endtime="20210420 16:06:07.503"/>
</branch>
<branch type="ELSE">
<kw name="Log To Console" library="BuiltIn">
<arg>"Hardware"</arg>
<doc>Logs the given message to the console.</doc>
<status status="NOT RUN" starttime="20210420 16:06:07.503" endtime="20210420 16:06:07.503"/>
</kw>
<status status="NOT RUN" starttime="20210420 16:06:07.503" endtime="20210420 16:06:07.503"/>
</branch>
<status status="PASS" starttime="20210420 16:06:07.503" endtime="20210420 16:06:07.503"/>
</if>
<status status="PASS" starttime="20210420 16:06:07.503" endtime="20210420 16:06:07.503"/>
</kw>
<tag>POC Test Simulator</tag>
<status status="PASS" starttime="20210420 16:06:07.487" endtime="20210420 16:06:07.503"/>
</test>
<meta name="Feature Test Thermostat Cut in/Cut-out"/>
<status status="PASS" starttime="20210420 16:06:07.217" endtime="20210420 16:06:07.503"/>
</suite>
<statistics>
<total>
<stat pass="1" fail="0" skip="0">All Tests</stat>
</total>
<tag>
<stat pass="1" fail="0" skip="0">POC Test Simulator</stat>
</tag>
<suite>
<stat pass="1" fail="0" skip="0" id="s1" name="TestThermostatCutInCutOut">TestThermostatCutInCutOut</stat>
</suite>
</statistics>
<errors>
</errors>
</robot>
