<?xml version="1.0" encoding="UTF-8"?>
<robot generator="Robot 4.0.1 (Python 3.9.4 on win32)" generated="20210419 12:38:31.709" rpa="false" schemaversion="2">
<suite id="s1" name="Bdd Test" source="C:\Users\mohap\Documents\mod_bus\bdd_test.robot">
<test id="s1-t1" name="Test Case 1">
<kw name="Given Flag Status" library="step_test">
<kw name="Log To Console" library="BuiltIn">
<arg>"__SUCCESS"</arg>
<doc>Logs the given message to the console.</doc>
<status status="PASS" starttime="20210419 12:38:31.742" endtime="20210419 12:38:31.743"/>
</kw>
<status status="PASS" starttime="20210419 12:38:31.742" endtime="20210419 12:38:31.743"/>
</kw>
<status status="PASS" starttime="20210419 12:38:31.741" endtime="20210419 12:38:31.744"/>
</test>
<status status="PASS" starttime="20210419 12:38:31.711" endtime="20210419 12:38:31.745"/>
</suite>
<statistics>
<total>
<stat pass="1" fail="0" skip="0">All Tests</stat>
</total>
<tag>
</tag>
<suite>
<stat pass="1" fail="0" skip="0" id="s1" name="Bdd Test">Bdd Test</stat>
</suite>
</statistics>
<errors>
</errors>
</robot>
