<?xml version="1.0" encoding="UTF-8"?>
<robot generator="Robot 4.0.1 (Python 3.9.4 on win32)" generated="20210419 12:58:57.902" rpa="false" schemaversion="2">
<suite id="s1" name="TestThermostatCutInCutOut" source="C:\Users\mohap\Documents\mod_bus\TestThermostatCutInCutOut.robot">
<test id="s1-t1" name="Simulator test thermostat Cut in/Cut-out">
<kw name="Set Global Variable" library="BuiltIn" type="SETUP">
<arg>${FLAG}</arg>
<doc>Makes a variable available globally in all tests and suites.</doc>
<msg timestamp="20210419 12:58:57.991" level="INFO">${FLAG} = 0</msg>
<status status="PASS" starttime="20210419 12:58:57.991" endtime="20210419 12:58:57.991"/>
</kw>
<kw name="Given Flag Status" library="ThermostatStepDefinition">
<kw name="Log To Console" library="BuiltIn">
<arg>${FLAG}</arg>
<doc>Logs the given message to the console.</doc>
<status status="PASS" starttime="20210419 12:58:57.992" endtime="20210419 12:58:57.993"/>
</kw>
<status status="PASS" starttime="20210419 12:58:57.992" endtime="20210419 12:58:57.993"/>
</kw>
<tag>POC Test Simulator</tag>
<status status="PASS" starttime="20210419 12:58:57.990" endtime="20210419 12:58:57.994"/>
</test>
<meta name="Feature Test Thermostat Cut in/Cut-out"/>
<status status="PASS" starttime="20210419 12:58:57.903" endtime="20210419 12:58:57.996"/>
</suite>
<statistics>
<total>
<stat pass="1" fail="0" skip="0">All Tests</stat>
</total>
<tag>
<stat pass="1" fail="0" skip="0">POC Test Simulator</stat>
</tag>
<suite>
<stat pass="1" fail="0" skip="0" id="s1" name="TestThermostatCutInCutOut">TestThermostatCutInCutOut</stat>
</suite>
</statistics>
<errors>
</errors>
</robot>
