<?xml version="1.0" encoding="UTF-8"?>
<robot generator="Robot 4.0.1 (Python 3.9.4 on win32)" generated="20210419 12:54:32.041" rpa="false" schemaversion="2">
<suite id="s1" name="TestThermostatCutInCutOut" source="C:\Users\mohap\Documents\mod_bus\TestThermostatCutInCutOut.robot">
<test id="s1-t1" name="Simulator test thermostat Cut in/Cut-out">
<kw name="Given Flag Status" library="ThermostatStepDefinition">
<kw name="Log To Console" library="BuiltIn">
<arg>${FLAG}</arg>
<doc>Logs the given message to the console.</doc>
<status status="PASS" starttime="20210419 12:54:32.130" endtime="20210419 12:54:32.131"/>
</kw>
<status status="PASS" starttime="20210419 12:54:32.130" endtime="20210419 12:54:32.131"/>
</kw>
<tag>POC Test Simulator</tag>
<status status="PASS" starttime="20210419 12:54:32.129" endtime="20210419 12:54:32.132"/>
</test>
<meta name="Feature Test Thermostat Cut in/Cut-out"/>
<status status="PASS" starttime="20210419 12:54:32.041" endtime="20210419 12:54:32.134"/>
</suite>
<statistics>
<total>
<stat pass="1" fail="0" skip="0">All Tests</stat>
</total>
<tag>
<stat pass="1" fail="0" skip="0">POC Test Simulator</stat>
</tag>
<suite>
<stat pass="1" fail="0" skip="0" id="s1" name="TestThermostatCutInCutOut">TestThermostatCutInCutOut</stat>
</suite>
</statistics>
<errors>
</errors>
</robot>
